<?xml version="1.0" encoding="UTF-8"?>
<testsuite name="AppTest" tests="4" skipped="0" failures="0" errors="0" timestamp="2016-02-08T21:20:08" hostname="epicodus-65.local" time="0.002">
  <properties/>
  <testcase name="queenCanAttack_isTrueIftheQueenCanAttackHorizontally_true" classname="AppTest" time="0.001"/>
  <testcase name="queenCanAttack_isTrueIftheQueenCanAttackDiagonally_true" classname="AppTest" time="0.0"/>
  <testcase name="queenCanAttack_isTrueIftheQueenCanAttackVertically_true" classname="AppTest" time="0.0"/>
  <testcase name="queenCanAttack_isFalseIftheQueenCannotAttack_false" classname="AppTest" time="0.0"/>
  <system-out><![CDATA[]]></system-out>
  <system-err><![CDATA[]]></system-err>
</testsuite>
